<?xml version="1.0" encoding="UTF-8"?>
<!-- Generated by org.testng.reporters.JUnitReportReporter -->
<testsuite hostname="LAPTOP-7A6BVKFP" failures="0" tests="1" name="pages.SignUpPageTest" time="56.649" errors="0" timestamp="2023-01-11T22:49:38 IST" skipped="0">
  <testcase classname="pages.SignUpPageTest" name="androidUserSignUpPageTestPerform" time="56.649"/>
  <system-out/>
</testsuite> <!-- pages.SignUpPageTest -->
