<?xml version="1.0" encoding="UTF-8"?>
<!-- Generated by org.testng.reporters.JUnitReportReporter -->
<testsuite hostname="LAPTOP-7A6BVKFP" failures="0" tests="1" name="pages.CartPageTest" time="25.782" errors="0" timestamp="2023-01-15T23:31:33 IST" skipped="0">
  <testcase classname="pages.CartPageTest" name="androidCartPageTestPerform" time="25.782"/>
  <system-out/>
</testsuite> <!-- pages.CartPageTest -->
