<?xml version="1.0" encoding="UTF-8"?>
<!-- Generated by org.testng.reporters.JUnitReportReporter -->
<testsuite hostname="LAPTOP-7A6BVKFP" failures="0" tests="1" name="pages.SignUpPageTest" time="44.016" errors="0" timestamp="2023-01-10T23:32:33 IST" skipped="0">
  <testcase classname="pages.SignUpPageTest" name="androidUserSignUpPageTestPerform" time="44.016"/>
  <system-out/>
</testsuite> <!-- pages.SignUpPageTest -->
