<?xml version="1.0" encoding="UTF-8"?>
<!-- Generated by org.testng.reporters.JUnitReportReporter -->
<testsuite hostname="nishant191" failures="0" tests="1" name="pages.LoginPageTest" time="14.710" errors="0" timestamp="2022-12-20T18:16:31 IST" skipped="0">
  <testcase classname="pages.LoginPageTest" name="androidUserLoginPageTestPerform" time="14.710"/>
  <system-out/>
</testsuite> <!-- pages.LoginPageTest -->
