<?xml version="1.0" encoding="UTF-8"?>
<!-- Generated by org.testng.reporters.JUnitReportReporter -->
<testsuite hostname="LAPTOP-7A6BVKFP" failures="0" tests="1" name="pages.LoginPageTest" time="7.852" errors="0" timestamp="2023-01-15T23:31:33 IST" skipped="0">
  <testcase classname="pages.LoginPageTest" name="androidUserLoginPageTestPerform" time="7.852"/>
  <system-out/>
</testsuite> <!-- pages.LoginPageTest -->
